Jun 17 (Fri) 01:18 | === Logging started
Jun 17 (Fri) 01:18 | === Logging stopped
Jun 17 (Fri) 01:21 | === Logging started
Jun 17 (Fri) 01:21 | >>> Station: Ambient Sleeping Pill
Jun 17 (Fri) 01:21 |     Hirotaka Shirotsubaki - 50m_silence
Jun 17 (Fri) 01:21 |     Hirotaka Shirotsubaki - 50m_silence (LIKED)
Jun 17 (Fri) 01:21 | === Logging stopped
Jul 15 (Fri) 16:24 | === Logging started
Jul 15 (Fri) 16:24 | >>> Station: dnbradio
Jul 15 (Fri) 16:24 |     01 Friction - Lost It Mode (Feat. Linguistics)
Jul 15 (Fri) 16:24 |     01 Friction - Lost It Mode (Feat. Linguistics) (LIKED)
Jul 15 (Fri) 16:24 | === Logging stopped
Aug 02 (Tue) 18:28 | === Logging started
Aug 02 (Tue) 18:28 | >>> Station: Shady Pines
Aug 02 (Tue) 18:28 |     Big Papa Warrior - Cosmic Taco Beach Shack #82 - Mic Check
Aug 02 (Tue) 18:28 |     Big Papa Warrior - Cosmic Taco Beach Shack #82 - Mic Check (LIKED)
Aug 02 (Tue) 18:28 | === Logging stopped
Aug 02 (Tue) 18:47 | === Logging started
Aug 02 (Tue) 18:47 | >>> Station: New Wave Radio
Aug 02 (Tue) 18:47 |     The Communards - Don't Leave Me This Way (with Sarah Jane Morris) ***  80's New Wave Radio  ***  NewWaveRadio.org
Aug 02 (Tue) 18:47 |     The Communards - Don't Leave Me This Way (with Sarah Jane Morris) ***  80's New Wave Radio  ***  NewWaveRadio.org (LIKED)
Aug 02 (Tue) 18:47 | === Logging stopped
